<?xml version="1.0" encoding="UTF-8"?>
<testsuite xmlns:xsi="http://www.w3.org/2001/XMLSchema-instance" xsi:noNamespaceSchemaLocation="https://maven.apache.org/surefire/maven-surefire-plugin/xsd/surefire-test-report.xsd" name="qadepartment.AppTest" time="0.778" tests="2" errors="0" skipped="0" failures="1">
  <properties>
    <property name="gopherProxySet" value="false"/>
    <property name="awt.toolkit" value="sun.lwawt.macosx.LWCToolkit"/>
    <property name="java.specification.version" value="9"/>
    <property name="file.encoding.pkg" value="sun.io"/>
    <property name="sun.cpu.isalist" value=""/>
    <property name="sun.jnu.encoding" value="UTF-8"/>
    <property name="java.class.path" value="/Users/fendyridwan/Documents/Project/JuzTalent/target/test-classes:/Users/fendyridwan/Documents/Project/JuzTalent/target/classes:/Users/fendyridwan/.m2/repository/org/testng/testng/7.0.0/testng-7.0.0.jar:/Users/fendyridwan/.m2/repository/com/beust/jcommander/1.72/jcommander-1.72.jar:"/>
    <property name="java.vm.vendor" value="Oracle Corporation"/>
    <property name="sun.arch.data.model" value="64"/>
    <property name="java.vendor.url" value="http://java.oracle.com/"/>
    <property name="user.timezone" value=""/>
    <property name="user.country.format" value="SG"/>
    <property name="java.vm.specification.version" value="9"/>
    <property name="os.name" value="Mac OS X"/>
    <property name="sun.java.launcher" value="SUN_STANDARD"/>
    <property name="user.country" value="GB"/>
    <property name="sun.boot.library.path" value="/Library/Java/JavaVirtualMachines/jdk-9.0.1.jdk/Contents/Home/lib"/>
    <property name="sun.java.command" value="/Users/fendyridwan/Documents/Project/JuzTalent/target/surefire/surefirebooter12180867197020576584.jar /Users/fendyridwan/Documents/Project/JuzTalent/target/surefire 2020-01-23T19-24-07_540-jvmRun1 surefire11716033826811662069tmp surefire_03096737732305550433tmp"/>
    <property name="http.nonProxyHosts" value="local|*.local|169.254/16|*.169.254/16"/>
    <property name="jdk.debug" value="release"/>
    <property name="surefire.test.class.path" value="/Users/fendyridwan/Documents/Project/JuzTalent/target/test-classes:/Users/fendyridwan/Documents/Project/JuzTalent/target/classes:/Users/fendyridwan/.m2/repository/org/testng/testng/7.0.0/testng-7.0.0.jar:/Users/fendyridwan/.m2/repository/com/beust/jcommander/1.72/jcommander-1.72.jar:"/>
    <property name="sun.cpu.endian" value="little"/>
    <property name="user.home" value="/Users/fendyridwan"/>
    <property name="user.language" value="en"/>
    <property name="java.specification.vendor" value="Oracle Corporation"/>
    <property name="java.home" value="/Library/Java/JavaVirtualMachines/jdk-9.0.1.jdk/Contents/Home"/>
    <property name="file.separator" value="/"/>
    <property name="basedir" value="/Users/fendyridwan/Documents/Project/JuzTalent"/>
    <property name="java.vm.compressedOopsMode" value="Zero based"/>
    <property name="line.separator" value="&#10;"/>
    <property name="java.specification.name" value="Java Platform API Specification"/>
    <property name="java.vm.specification.vendor" value="Oracle Corporation"/>
    <property name="java.awt.graphicsenv" value="sun.awt.CGraphicsEnvironment"/>
    <property name="surefire.real.class.path" value="/Users/fendyridwan/Documents/Project/JuzTalent/target/surefire/surefirebooter12180867197020576584.jar"/>
    <property name="sun.management.compiler" value="HotSpot 64-Bit Tiered Compilers"/>
    <property name="ftp.nonProxyHosts" value="local|*.local|169.254/16|*.169.254/16"/>
    <property name="java.runtime.version" value="9.0.1+11"/>
    <property name="user.name" value="fendyridwan"/>
    <property name="path.separator" value=":"/>
    <property name="os.version" value="10.14"/>
    <property name="java.runtime.name" value="Java(TM) SE Runtime Environment"/>
    <property name="file.encoding" value="UTF-8"/>
    <property name="java.vm.name" value="Java HotSpot(TM) 64-Bit Server VM"/>
    <property name="localRepository" value="/Users/fendyridwan/.m2/repository"/>
    <property name="java.vendor.url.bug" value="http://bugreport.java.com/bugreport/"/>
    <property name="java.io.tmpdir" value="/var/folders/pz/vbvlmv8j3s19l6_0lxckfr_r0000gp/T/"/>
    <property name="java.version" value="9.0.1"/>
    <property name="user.dir" value="/Users/fendyridwan/Documents/Project/JuzTalent"/>
    <property name="os.arch" value="x86_64"/>
    <property name="java.vm.specification.name" value="Java Virtual Machine Specification"/>
    <property name="java.awt.printerjob" value="sun.lwawt.macosx.CPrinterJob"/>
    <property name="sun.os.patch.level" value="unknown"/>
    <property name="java.library.path" value="/Users/fendyridwan/Library/Java/Extensions:/Library/Java/Extensions:/Network/Library/Java/Extensions:/System/Library/Java/Extensions:/usr/lib/java:."/>
    <property name="java.vm.info" value="mixed mode"/>
    <property name="java.vendor" value="Oracle Corporation"/>
    <property name="java.vm.version" value="9.0.1+11"/>
    <property name="sun.io.unicode.encoding" value="UnicodeBig"/>
    <property name="java.class.version" value="53.0"/>
    <property name="socksNonProxyHosts" value="local|*.local|169.254/16|*.169.254/16"/>
  </properties>
  <testcase name="shouldAnswerWithTrue" classname="qadepartment.AppTest" time="0.036"/>
  <testcase name="shouldAnswerWithTrue2" classname="qadepartment.AppTest" time="0.015">
    <failure message="did not expect to find [true] but found [false]" type="java.lang.AssertionError">java.lang.AssertionError: did not expect to find [true] but found [false]
	at qadepartment.AppTest.shouldAnswerWithTrue2(AppTest.java:25)
</failure>
    <system-out><![CDATA[test
]]></system-out>
  </testcase>
</testsuite>