<?xml version="1.0" encoding="UTF-8"?>
<!-- Generated by org.testng.reporters.JUnitReportReporter -->
<testsuite hostname="Potatos-Mac" failures="0" tests="2" name="TestCases.Package" time="10.505" errors="0" timestamp="2020-04-06T13:40:54 WIB" skipped="0">
  <testcase classname="TestCases.Package" name="login" time="5.842"/>
  <testcase classname="TestCases.Package" name="I_003_SelectPackageFromList" time="4.663"/>
</testsuite> <!-- TestCases.Package -->
