<?xml version="1.0" encoding="UTF-8"?>
<!-- Generated by org.testng.reporters.JUnitReportReporter -->
<testsuite hostname="Potatos-Mac.local" failures="0" tests="2" name="TestCases.Customer" time="14.658" errors="0" timestamp="2020-03-02T14:55:23 WIB" skipped="0">
  <testcase classname="TestCases.Customer" name="G_003_EditCustomer" time="9.008"/>
  <testcase classname="TestCases.Customer" name="login" time="5.650"/>
</testsuite> <!-- TestCases.Customer -->
