<?xml version="1.0" encoding="UTF-8"?>
<!-- Generated by org.testng.reporters.JUnitReportReporter -->
<testsuite hostname="Potatos-Mac" failures="0" tests="5" name="TestCases.AppConfiguration" time="21.163" errors="0" timestamp="2020-04-08T12:37:15 WIB" skipped="0">
  <testcase classname="TestCases.AppConfiguration" name="login" time="5.414"/>
  <testcase classname="TestCases.AppConfiguration" name="G_001_DisplayofPlaylistList" time="2.750"/>
  <testcase classname="TestCases.AppConfiguration" name="G_002_EditppConfiguration" time="3.888"/>
  <testcase classname="TestCases.AppConfiguration" name="G_002_CreateNewAppConfiguration" time="4.933"/>
  <testcase classname="TestCases.AppConfiguration" name="G_003_DeleteAppConfiguration" time="4.178"/>
</testsuite> <!-- TestCases.AppConfiguration -->
