<?xml version="1.0" encoding="UTF-8"?>
<!-- Generated by org.testng.reporters.JUnitReportReporter -->
<testsuite hostname="Potatos-Mac.local" failures="0" tests="8" name="TestCases.Playlist" time="29.631" errors="0" timestamp="2020-02-20T16:06:09 WIB" skipped="0">
  <testcase classname="TestCases.Playlist" name="C_006_EditMoviesPlaylist" time="3.948"/>
  <testcase classname="TestCases.Playlist" name="login" time="5.478"/>
  <testcase classname="TestCases.Playlist" name="C_003_EditSeriesPlaylist" time="2.954"/>
  <testcase classname="TestCases.Playlist" name="C_001_DisplayofPlaylistList" time="2.176"/>
  <testcase classname="TestCases.Playlist" name="C_004_DeleteSeriesPlaylist" time="4.816"/>
  <testcase classname="TestCases.Playlist" name="C_005_CreateNewMoviesPlaylist" time="2.980"/>
  <testcase classname="TestCases.Playlist" name="C_007_DeleteMoviesPlaylist" time="4.723"/>
  <testcase classname="TestCases.Playlist" name="C_002_CreateNewSeriesPlaylist" time="2.556"/>
</testsuite> <!-- TestCases.Playlist -->
