<?xml version="1.0" encoding="UTF-8"?>
<!-- Generated by org.testng.reporters.JUnitReportReporter -->
<testsuite hostname="Potatos-Mac" failures="0" tests="2" name="TestCases.Voucher" time="29.320" errors="0" timestamp="2020-04-15T15:04:35 WIB" skipped="0">
  <testcase classname="TestCases.Voucher" name="login" time="5.546"/>
  <testcase classname="TestCases.Voucher" name="J_002_CreateVoucherManual" time="23.774"/>
</testsuite> <!-- TestCases.Voucher -->
