<?xml version="1.0" encoding="UTF-8"?>
<!-- Generated by org.testng.reporters.JUnitReportReporter -->
<testsuite hostname="Potatos-Mac.local" failures="0" tests="3" name="TestCases.AuthenticationUserSignIn" time="9.640" errors="0" timestamp="2020-02-12T20:24:40 WIB" skipped="0">
  <testcase classname="TestCases.AuthenticationUserSignIn" name="A_001_LoginwithValidCredential" time="2.696"/>
  <testcase classname="TestCases.AuthenticationUserSignIn" name="A_002_LoginwithInvalidEmail" time="4.557"/>
  <testcase classname="TestCases.AuthenticationUserSignIn" name="A_003_LoginwithInvalidPassword" time="2.387"/>
</testsuite> <!-- TestCases.AuthenticationUserSignIn -->
