<?xml version="1.0" encoding="UTF-8"?>
<!-- Generated by org.testng.reporters.JUnitReportReporter -->
<testsuite hostname="Potatos-Mac.local" failures="0" tests="3" name="TestCases.AuthenticationUserSignIn" time="13.632" errors="0" timestamp="2020-02-12T16:58:35 WIB" skipped="0">
  <testcase classname="TestCases.AuthenticationUserSignIn" name="A_003_LoginwithInvalidPassword" time="4.379"/>
  <testcase classname="TestCases.AuthenticationUserSignIn" name="A_001_LoginwithValidCredential" time="2.655"/>
  <testcase classname="TestCases.AuthenticationUserSignIn" name="A_002_LoginwithInvalidEmail" time="6.598"/>
</testsuite> <!-- TestCases.AuthenticationUserSignIn -->
