<?xml version="1.0" encoding="UTF-8"?>
<!-- Generated by org.testng.reporters.JUnitReportReporter -->
<testsuite hostname="Potatos-Mac" failures="0" tests="2" name="TestCases.Playlist" time="7.638" errors="0" timestamp="2020-03-06T07:09:04 WIB" skipped="0">
  <testcase classname="TestCases.Playlist" name="C_001_DisplayofPlaylistList" time="2.185"/>
  <testcase classname="TestCases.Playlist" name="login" time="5.453"/>
</testsuite> <!-- TestCases.Playlist -->
