<?xml version="1.0" encoding="UTF-8"?>
<!-- Generated by org.testng.reporters.JUnitReportReporter -->
<testsuite hostname="Potatos-Mac.local" failures="0" tests="5" name="TestCases.Cinemas" time="38.786" errors="0" timestamp="2020-03-10T18:02:47 WIB" skipped="0">
  <testcase classname="TestCases.Cinemas" name="login" time="5.575"/>
  <testcase classname="TestCases.Cinemas" name="F_003_EditCinemas" time="11.912"/>
  <testcase classname="TestCases.Cinemas" name="F_004_DeleteCinemas" time="8.324"/>
  <testcase classname="TestCases.Cinemas" name="F_002_CreateNewCinemas" time="10.573"/>
  <testcase classname="TestCases.Cinemas" name="F_001_CheckCinemaList" time="2.402"/>
</testsuite> <!-- TestCases.Cinemas -->
