<?xml version="1.0" encoding="UTF-8"?>
<!-- Generated by org.testng.reporters.JUnitReportReporter -->
<testsuite hostname="Potatos-Mac" failures="0" tests="8" name="TestCases.Playlist" time="45.626" errors="0" timestamp="2020-04-08T12:37:15 WIB" skipped="0">
  <testcase classname="TestCases.Playlist" name="C_002_CreateNewSeriesPlaylist" time="4.903"/>
  <testcase classname="TestCases.Playlist" name="C_007_DeleteMoviesPlaylist" time="7.015"/>
  <testcase classname="TestCases.Playlist" name="C_001_DisplayofPlaylistList" time="4.183"/>
  <testcase classname="TestCases.Playlist" name="login" time="5.495"/>
  <testcase classname="TestCases.Playlist" name="C_005_CreateNewMoviesPlaylist" time="5.731"/>
  <testcase classname="TestCases.Playlist" name="C_004_DeleteSeriesPlaylist" time="7.379"/>
  <testcase classname="TestCases.Playlist" name="C_003_EditSeriesPlaylist" time="5.184"/>
  <testcase classname="TestCases.Playlist" name="C_006_EditMoviesPlaylist" time="5.736"/>
</testsuite> <!-- TestCases.Playlist -->
