<?xml version="1.0" encoding="UTF-8"?>
<!-- Generated by org.testng.reporters.JUnitReportReporter -->
<testsuite hostname="Potatos-Mac.local" failures="0" tests="5" name="TestCases.AppConfiguration" time="19.427" errors="0" timestamp="2020-02-24T12:08:02 WIB" skipped="0">
  <testcase classname="TestCases.AppConfiguration" name="F_003_DeleteAppConfiguration" time="3.197"/>
  <testcase classname="TestCases.AppConfiguration" name="F_002_EditppConfiguration" time="3.903"/>
  <testcase classname="TestCases.AppConfiguration" name="F_001_DisplayofPlaylistList" time="2.314"/>
  <testcase classname="TestCases.AppConfiguration" name="login" time="5.469"/>
  <testcase classname="TestCases.AppConfiguration" name="F_002_CreateNewAppConfiguration" time="4.544"/>
</testsuite> <!-- TestCases.AppConfiguration -->
