<?xml version="1.0" encoding="UTF-8"?>
<!-- Generated by org.testng.reporters.JUnitReportReporter -->
<testsuite hostname="Potatos-Mac.local" failures="0" tests="3" name="TestCases.AuthenticationUserSignIn" time="9.496" errors="0" timestamp="2020-02-20T16:06:09 WIB" skipped="0">
  <testcase classname="TestCases.AuthenticationUserSignIn" name="A_003_LoginwithInvalidPassword" time="2.347"/>
  <testcase classname="TestCases.AuthenticationUserSignIn" name="A_001_LoginwithValidCredential" time="2.638"/>
  <testcase classname="TestCases.AuthenticationUserSignIn" name="A_002_LoginwithInvalidEmail" time="4.511"/>
</testsuite> <!-- TestCases.AuthenticationUserSignIn -->
