<?xml version="1.0" encoding="UTF-8"?>
<!-- Generated by org.testng.reporters.JUnitReportReporter -->
<testsuite hostname="Potatos-Mac" failures="0" tests="4" name="TestCases.Series" time="24.157" errors="0" timestamp="2020-02-21T02:05:10 WIB" skipped="0">
  <testcase classname="TestCases.Series" name="login" time="5.478"/>
  <testcase classname="TestCases.Series" name="C_002_CreateNewSeries" time="6.219"/>
  <testcase classname="TestCases.Series" name="C_004_DeleteSeries" time="6.794"/>
  <testcase classname="TestCases.Series" name="C_003_EditSeries" time="5.666"/>
</testsuite> <!-- TestCases.Series -->
