<?xml version="1.0" encoding="UTF-8"?>
<!-- Generated by org.testng.reporters.JUnitReportReporter -->
<testsuite hostname="Potatos-Mac" failures="0" tests="3" name="TestCases.Customer" time="17.479" errors="0" timestamp="2020-04-08T12:37:15 WIB" skipped="0">
  <testcase classname="TestCases.Customer" name="H_001_CheckPageList" time="2.235"/>
  <testcase classname="TestCases.Customer" name="login" time="5.410"/>
  <testcase classname="TestCases.Customer" name="H_003_EditCustomer" time="9.834"/>
</testsuite> <!-- TestCases.Customer -->
