<?xml version="1.0" encoding="UTF-8"?>
<!-- Generated by org.testng.reporters.JUnitReportReporter -->
<testsuite hostname="Potatos-Mac.local" failures="0" tests="6" name="TestCases.AuthenticationUserSignIn" time="0.258" errors="1" timestamp="2020-01-24T10:55:43 WIB" skipped="5">
  <testcase classname="TestCases.AuthenticationUserSignIn" name="A_002_AuthenticationWithUnregisteredUserName" time="0.000">
    <skipped/>
  </testcase> <!-- A_002_AuthenticationWithUnregisteredUserName -->
  <testcase classname="TestCases.AuthenticationUserSignIn" name="A_005_AuthenticationWithEmptyUserName" time="0.000">
    <skipped/>
  </testcase> <!-- A_005_AuthenticationWithEmptyUserName -->
  <testcase classname="TestCases.AuthenticationUserSignIn" name="setBaseConfig" time="0.258">
    <error message="The path to the driver executable must be set by the webdriver.gecko.driver system property; for more information, see https://github.com/mozilla/geckodriver. The latest version can be downloaded from https://github.com/mozilla/geckodriver/releases" type="java.lang.IllegalStateException">
      <![CDATA[java.lang.IllegalStateException: The path to the driver executable must be set by the webdriver.gecko.driver system property; for more information, see https://github.com/mozilla/geckodriver. The latest version can be downloaded from https://github.com/mozilla/geckodriver/releases
at com.google.common.base.Preconditions.checkState(Preconditions.java:847)
at org.openqa.selenium.remote.service.DriverService.findExecutable(DriverService.java:125)
at org.openqa.selenium.firefox.GeckoDriverService.access$100(GeckoDriverService.java:43)
at org.openqa.selenium.firefox.GeckoDriverService$Builder.findDefaultExecutable(GeckoDriverService.java:168)
at org.openqa.selenium.remote.service.DriverService$Builder.build(DriverService.java:346)
at org.openqa.selenium.firefox.FirefoxDriver.toExecutor(FirefoxDriver.java:168)
at org.openqa.selenium.firefox.FirefoxDriver.<init>(FirefoxDriver.java:125)
at org.openqa.selenium.firefox.FirefoxDriver.<init>(FirefoxDriver.java:103)
at bases.BrowserFactory.startBrowser(BrowserFactory.java:25)
at bases.BaseWeb.setBaseConfig(BaseWeb.java:61)
at java.base/jdk.internal.reflect.NativeMethodAccessorImpl.invoke0(Native Method)
at java.base/jdk.internal.reflect.NativeMethodAccessorImpl.invoke(NativeMethodAccessorImpl.java:62)
at java.base/jdk.internal.reflect.DelegatingMethodAccessorImpl.invoke(DelegatingMethodAccessorImpl.java:43)
at java.base/java.lang.reflect.Method.invoke(Method.java:564)
at org.testng.internal.MethodInvocationHelper.invokeMethod(MethodInvocationHelper.java:133)
at org.testng.internal.MethodInvocationHelper.invokeMethodConsideringTimeout(MethodInvocationHelper.java:62)
at org.testng.internal.ConfigInvoker.invokeConfigurationMethod(ConfigInvoker.java:340)
at org.testng.internal.ConfigInvoker.invokeConfigurations(ConfigInvoker.java:294)
at org.testng.internal.TestMethodWorker.invokeBeforeClassMethods(TestMethodWorker.java:176)
at org.testng.internal.TestMethodWorker.run(TestMethodWorker.java:122)
at java.base/java.util.ArrayList.forEach(ArrayList.java:1380)
at org.testng.TestRunner.privateRun(TestRunner.java:770)
at org.testng.TestRunner.run(TestRunner.java:591)
at org.testng.SuiteRunner.runTest(SuiteRunner.java:402)
at org.testng.SuiteRunner.access$000(SuiteRunner.java:41)
at org.testng.SuiteRunner$SuiteWorker.run(SuiteRunner.java:443)
at org.testng.internal.thread.ThreadUtil.lambda$execute$0(ThreadUtil.java:67)
at java.base/java.util.concurrent.FutureTask.run(FutureTask.java:264)
at java.base/java.util.concurrent.ThreadPoolExecutor.runWorker(ThreadPoolExecutor.java:1167)
at java.base/java.util.concurrent.ThreadPoolExecutor$Worker.run(ThreadPoolExecutor.java:641)
at java.base/java.lang.Thread.run(Thread.java:844)
]]>
    </error>
  </testcase> <!-- setBaseConfig -->
  <testcase classname="TestCases.AuthenticationUserSignIn" name="A_006_AuthenticationWithEmptyPassword" time="0.000">
    <skipped/>
  </testcase> <!-- A_006_AuthenticationWithEmptyPassword -->
  <testcase classname="TestCases.AuthenticationUserSignIn" name="A_001_AuthenticationWithUnregisteredCompanyUser" time="0.000">
    <skipped/>
  </testcase> <!-- A_001_AuthenticationWithUnregisteredCompanyUser -->
  <testcase classname="TestCases.AuthenticationUserSignIn" name="A_003_AuthenticationWithInvalidPassword" time="0.000">
    <skipped/>
  </testcase> <!-- A_003_AuthenticationWithInvalidPassword -->
</testsuite> <!-- TestCases.AuthenticationUserSignIn -->
