<?xml version="1.0" encoding="UTF-8"?>
<!-- Generated by org.testng.reporters.JUnitReportReporter -->
<testsuite hostname="Potatos-Mac.local" failures="0" tests="1" name="bases.Helper" time="2.578" errors="0" timestamp="2020-02-12T19:07:56 WIB" skipped="0">
  <testcase classname="bases.Helper" name="Login" time="2.578"/>
</testsuite> <!-- bases.Helper -->
