<?xml version="1.0" encoding="UTF-8"?>
<!-- Generated by org.testng.reporters.JUnitReportReporter -->
<testsuite hostname="Potatos-Mac.local" failures="0" tests="2" name="TestCases.Customer" time="15.553" errors="0" timestamp="2020-02-27T15:24:21 WIB" skipped="0">
  <testcase classname="TestCases.Customer" name="G_003_EditCustomer" time="9.662"/>
  <testcase classname="TestCases.Customer" name="login" time="5.891"/>
</testsuite> <!-- TestCases.Customer -->
