<?xml version="1.0" encoding="UTF-8"?>
<!-- Generated by org.testng.reporters.JUnitReportReporter -->
<testsuite hostname="Potatos-Mac" failures="0" tests="2" name="TestCases.AppPages" time="7.942" errors="0" timestamp="2020-03-25T23:15:59 WIB" skipped="0">
  <testcase classname="TestCases.AppPages" name="B_001_displayOfListPage" time="2.292"/>
  <testcase classname="TestCases.AppPages" name="login" time="5.650"/>
</testsuite> <!-- TestCases.AppPages -->
