<?xml version="1.0" encoding="UTF-8"?>
<!-- Generated by org.testng.reporters.JUnitReportReporter -->
<testsuite hostname="Potatos-Mac.local" failures="0" tests="6" name="TestCases.AppPages" time="74.875" errors="0" timestamp="2020-02-20T16:06:09 WIB" skipped="0">
  <testcase classname="TestCases.AppPages" name="B_001_displayOfListPage" time="2.179"/>
  <testcase classname="TestCases.AppPages" name="B_005_deleteAppPage" time="14.572"/>
  <testcase classname="TestCases.AppPages" name="B_003_searchAvailableAppPage" time="3.204"/>
  <testcase classname="TestCases.AppPages" name="B_004_editAppPage" time="28.007"/>
  <testcase classname="TestCases.AppPages" name="login" time="5.440"/>
  <testcase classname="TestCases.AppPages" name="B_002_CreateNewKeyPage" time="21.473"/>
</testsuite> <!-- TestCases.AppPages -->
