<?xml version="1.0" encoding="UTF-8"?>
<!-- Generated by org.testng.reporters.JUnitReportReporter -->
<testsuite hostname="Potatos-Mac" failures="0" tests="2" name="TestCases.Playlist" time="7.642" errors="0" timestamp="2020-03-09T21:07:12 WIB" skipped="0">
  <testcase classname="TestCases.Playlist" name="C_001_DisplayofPlaylistList" time="2.176"/>
  <testcase classname="TestCases.Playlist" name="login" time="5.466"/>
</testsuite> <!-- TestCases.Playlist -->
