<?xml version="1.0" encoding="UTF-8"?>
<!-- Generated by org.testng.reporters.JUnitReportReporter -->
<testsuite hostname="Potatos-Mac.local" failures="0" tests="6" name="TestCases.AppPages" time="74.641" errors="0" timestamp="2020-02-19T16:04:02 WIB" skipped="0">
  <testcase classname="TestCases.AppPages" name="login" time="5.536"/>
  <testcase classname="TestCases.AppPages" name="B_001_displayOfListPage" time="2.253"/>
  <testcase classname="TestCases.AppPages" name="B_005_deleteAppPage" time="14.527"/>
  <testcase classname="TestCases.AppPages" name="B_002_CreateNewKeyPage" time="21.384"/>
  <testcase classname="TestCases.AppPages" name="B_004_editAppPage" time="27.738"/>
  <testcase classname="TestCases.AppPages" name="B_003_searchAvailableAppPage" time="3.203"/>
</testsuite> <!-- TestCases.AppPages -->
