<?xml version="1.0" encoding="UTF-8"?>
<!-- Generated by org.testng.reporters.JUnitReportReporter -->
<testsuite hostname="Potatos-Mac" failures="0" tests="3" name="TestCases.AuthenticationUserSignIn" time="9.601" errors="0" timestamp="2020-04-08T16:06:02 WIB" skipped="0">
  <testcase classname="TestCases.AuthenticationUserSignIn" name="A_002_LoginwithInvalidEmail" time="4.507"/>
  <testcase classname="TestCases.AuthenticationUserSignIn" name="A_003_LoginwithInvalidPassword" time="2.524"/>
  <testcase classname="TestCases.AuthenticationUserSignIn" name="A_001_LoginwithValidCredential" time="2.570"/>
</testsuite> <!-- TestCases.AuthenticationUserSignIn -->
