<?xml version="1.0" encoding="UTF-8"?>
<!-- Generated by org.testng.reporters.JUnitReportReporter -->
<testsuite hostname="Potatos-Mac" failures="0" tests="3" name="TestCases.AuthenticationUserSignIn" time="9.430" errors="0" timestamp="2020-04-08T12:37:15 WIB" skipped="0">
  <testcase classname="TestCases.AuthenticationUserSignIn" name="A_002_LoginwithInvalidEmail" time="4.505"/>
  <testcase classname="TestCases.AuthenticationUserSignIn" name="A_003_LoginwithInvalidPassword" time="2.365"/>
  <testcase classname="TestCases.AuthenticationUserSignIn" name="A_001_LoginwithValidCredential" time="2.560"/>
</testsuite> <!-- TestCases.AuthenticationUserSignIn -->
