<?xml version="1.0" encoding="UTF-8"?>
<!-- Generated by org.testng.reporters.JUnitReportReporter -->
<testsuite hostname="Potatos-Mac" failures="0" tests="5" name="TestCases.Series" time="26.033" errors="0" timestamp="2020-04-08T12:37:15 WIB" skipped="0">
  <testcase classname="TestCases.Series" name="D_002_CreateNewSeries" time="4.635"/>
  <testcase classname="TestCases.Series" name="D_003_EditSeries" time="6.576"/>
  <testcase classname="TestCases.Series" name="D_004_DeleteSeries" time="6.957"/>
  <testcase classname="TestCases.Series" name="D_001_DisplayofPlaylistList" time="2.275"/>
  <testcase classname="TestCases.Series" name="login" time="5.590"/>
</testsuite> <!-- TestCases.Series -->
