<?xml version="1.0" encoding="UTF-8"?>
<!-- Generated by org.testng.reporters.JUnitReportReporter -->
<testsuite hostname="Potatos-Mac" failures="0" tests="5" name="TestCases.Package" time="33.500" errors="0" timestamp="2020-04-08T12:37:15 WIB" skipped="0">
  <testcase classname="TestCases.Package" name="I_001_DisplayofPackageList" time="2.150"/>
  <testcase classname="TestCases.Package" name="I_002_CreateNewPackage" time="16.812"/>
  <testcase classname="TestCases.Package" name="I_003_SelectPackageFromList" time="4.277"/>
  <testcase classname="TestCases.Package" name="I_004_EditPackage" time="4.828"/>
  <testcase classname="TestCases.Package" name="login" time="5.433"/>
</testsuite> <!-- TestCases.Package -->
