<?xml version="1.0" encoding="UTF-8"?>
<!-- Generated by org.testng.reporters.JUnitReportReporter -->
<testsuite hostname="Potatos-Mac" failures="0" tests="1" name="BaseWeb.TestApp2" time="0.001" errors="0" timestamp="2020-01-24T02:42:51 WIB" skipped="0">
  <testcase classname="BaseWeb.TestApp2" name="TestCase2" time="0.001"/>
</testsuite> <!-- BaseWeb.TestApp2 -->
