<?xml version="1.0" encoding="UTF-8"?>
<!-- Generated by org.testng.reporters.JUnitReportReporter -->
<testsuite hostname="Potatos-Mac.local" failures="0" tests="1" name="TestCases.AuthenticationUserSignIn" time="2.552" errors="0" timestamp="2020-02-12T10:51:27 WIB" skipped="0">
  <testcase classname="TestCases.AuthenticationUserSignIn" name="A_001_AuthenticationWithUnregisteredCompanyUser" time="2.552"/>
</testsuite> <!-- TestCases.AuthenticationUserSignIn -->
