<?xml version="1.0" encoding="UTF-8"?>
<!-- Generated by org.testng.reporters.JUnitReportReporter -->
<testsuite hostname="Potatos-Mac" failures="0" tests="2" name="qadepartment.AppTest" time="0.009" errors="0" timestamp="2020-01-24T02:42:51 WIB" skipped="0">
  <testcase classname="qadepartment.AppTest" name="shouldAnswerWithTrue" time="0.009"/>
  <testcase classname="qadepartment.AppTest" name="shouldAnswerWithTrue2" time="0.000"/>
</testsuite> <!-- qadepartment.AppTest -->
